<?xml version="1.0" encoding="utf-8"?><testsuites name="pytest tests"><testsuite name="pytest" errors="0" failures="0" skipped="0" tests="48" time="13.871" timestamp="2026-04-21T19:05:51.103848+00:00" hostname="agent-env-98c3f30e-9170-4f65-ac7d-bff8a9a1bdb5"><testcase classname="backend.tests.test_travel_ledger.TestHealth" name="test_health_enrichment_enabled" time="0.253" /><testcase classname="backend.tests.test_travel_ledger.TestDecode" name="test_decode_valid_air_canada" time="0.113" /><testcase classname="backend.tests.test_travel_ledger.TestDecode" name="test_decode_empty_string" time="0.129" /><testcase classname="backend.tests.test_travel_ledger.TestAuthGating" name="test_protected_endpoint_requires_auth[GET-/profile]" time="0.132" /><testcase classname="backend.tests.test_travel_ledger.TestAuthGating" name="test_protected_endpoint_requires_auth[GET-/dashboard]" time="0.113" /><testcase classname="backend.tests.test_travel_ledger.TestAuthGating" name="test_protected_endpoint_requires_auth[GET-/flights]" time="0.145" /><testcase classname="backend.tests.test_travel_ledger.TestAuthGating" name="test_protected_endpoint_requires_auth[GET-/trips]" time="0.125" /><testcase classname="backend.tests.test_travel_ledger.TestAuthGating" name="test_protected_endpoint_requires_auth[GET-/city-stays]" time="0.121" /><testcase classname="backend.tests.test_travel_ledger.TestAuthGating" name="test_protected_endpoint_requires_auth[GET-/artifacts]" time="0.159" /><testcase classname="backend.tests.test_travel_ledger.TestAuthGating" name="test_protected_endpoint_requires_auth[GET-/segments/pending]" time="0.139" /><testcase classname="backend.tests.test_travel_ledger.TestAuthGating" name="test_protected_endpoint_requires_auth[GET-/auth/me]" time="0.140" /><testcase classname="backend.tests.test_travel_ledger.TestAuthGating" name="test_recompute_requires_auth" time="0.247" /><testcase classname="backend.tests.test_travel_ledger.TestAuthGating" name="test_session_with_invalid_id_returns_401" time="0.882" /><testcase classname="backend.tests.test_travel_ledger.TestAuthenticatedFlow" name="test_01_auth_me" time="0.132" /><testcase classname="backend.tests.test_travel_ledger.TestAuthenticatedFlow" name="test_02_patch_profile" time="0.120" /><testcase classname="backend.tests.test_travel_ledger.TestAuthenticatedFlow" name="test_03_ingest_boarding_pass" time="0.578" /><testcase classname="backend.tests.test_travel_ledger.TestAuthenticatedFlow" name="test_04_pending_segments_lists_new" time="0.105" /><testcase classname="backend.tests.test_travel_ledger.TestAuthenticatedFlow" name="test_05_patch_segment_field" time="0.250" /><testcase classname="backend.tests.test_travel_ledger.TestAuthenticatedFlow" name="test_06_confirm_segment" time="0.146" /><testcase classname="backend.tests.test_travel_ledger.TestAuthenticatedFlow" name="test_07_flights_list" time="0.122" /><testcase classname="backend.tests.test_travel_ledger.TestAuthenticatedFlow" name="test_08_trips_and_city_stays" time="0.243" /><testcase classname="backend.tests.test_travel_ledger.TestAuthenticatedFlow" name="test_09_dashboard" time="0.123" /><testcase classname="backend.tests.test_travel_ledger.TestAuthenticatedFlow" name="test_10_recompute" time="0.117" /><testcase classname="backend.tests.test_travel_ledger.TestHomeRoundTrip" name="test_round_trip_grouping" time="1.426" /><testcase classname="backend.tests.test_travel_ledger.TestDuplicateDetection" name="test_duplicate_confirm_flag" time="0.568" /><testcase classname="backend.tests.test_travel_ledger.TestArtifactDelete" name="test_delete_artifact_cascade" time="0.500" /><testcase classname="backend.tests.test_travel_ledger.TestAirports" name="test_search_del" time="0.110" /><testcase classname="backend.tests.test_travel_ledger.TestNoMongoIdLeak" name="test_no_underscore_id_in_responses" time="1.012" /><testcase classname="backend.tests.test_travel_ledger.TestAirlines" name="test_search_indi" time="0.115" /><testcase classname="backend.tests.test_travel_ledger.TestAirlines" name="test_search_air" time="0.114" /><testcase classname="backend.tests.test_travel_ledger.TestAirportsExtra" name="test_delhi" time="0.125" /><testcase classname="backend.tests.test_travel_ledger.TestAirportsExtra" name="test_mumbai" time="0.110" /><testcase classname="backend.tests.test_travel_ledger.TestAirportsExtra" name="test_goa" time="0.113" /><testcase classname="backend.tests.test_travel_ledger.TestDemoUser" name="test_auth_me" time="0.137" /><testcase classname="backend.tests.test_travel_ledger.TestDemoUser" name="test_dashboard" time="0.227" /><testcase classname="backend.tests.test_travel_ledger.TestDemoUser" name="test_trips" time="0.115" /><testcase classname="backend.tests.test_travel_ledger.TestDemoUser" name="test_city_stays" time="0.129" /><testcase classname="backend.tests.test_travel_ledger.TestDemoUser" name="test_flights" time="0.117" /><testcase classname="backend.tests.test_travel_ledger.TestFlightLookup" name="test_lookup_unknown" time="0.550" /><testcase classname="backend.tests.test_travel_ledger.TestFlightLookup" name="test_lookup_ai101" time="1.413" /><testcase classname="backend.tests.test_travel_ledger.TestPdfUpload" name="test_upload_empty_400" time="0.142" /><testcase classname="backend.tests.test_travel_ledger.TestPdfUpload" name="test_upload_indigo_v2_format" time="0.312" /><testcase classname="backend.tests.test_travel_ledger.TestPdfUpload" name="test_upload_parses_fields" time="0.464" /><testcase classname="backend.tests.test_travel_ledger.TestCitiesEndpoint" name="test_cities_requires_auth" time="0.114" /><testcase classname="backend.tests.test_travel_ledger.TestCitiesEndpoint" name="test_cities_window_all" time="0.105" /><testcase classname="backend.tests.test_travel_ledger.TestCitiesEndpoint" name="test_cities_window_3m" time="0.227" /><testcase classname="backend.tests.test_travel_ledger.TestCitiesEndpoint" name="test_cities_window_ytd" time="0.114" /><testcase classname="backend.tests.test_travel_ledger.TestFlightLookupCache" name="test_lookup_ttl_cache" time="0.680" /></testsuite></testsuites>